  stdafx.cpp
  openssl.cpp
f:\opensource\test\http\openssl\openssl\openssl.cpp(87): warning C4244: “=”: 从“SOCKET”转换到“int”，可能丢失数据
f:\opensource\test\http\openssl\openssl\openssl.cpp(113): warning C4244: “=”: 从“SOCKET”转换到“int”，可能丢失数据
f:\opensource\test\http\openssl\openssl\openssl.cpp(139): warning C4267: “参数”: 从“size_t”转换到“int”，可能丢失数据
f:\opensource\test\http\openssl\openssl\openssl.cpp(35): warning C4101: “lisnum”: 未引用的局部变量
f:\opensource\test\http\openssl\openssl\openssl.cpp(35): warning C4101: “myport”: 未引用的局部变量
  正在生成代码...
openssl.obj : error LNK2019: 无法解析的外部符号 OPENSSL_init_crypto，该符号在函数 main 中被引用
openssl.obj : error LNK2019: 无法解析的外部符号 SSL_CTX_new，该符号在函数 main 中被引用
openssl.obj : error LNK2019: 无法解析的外部符号 SSL_CTX_free，该符号在函数 main 中被引用
openssl.obj : error LNK2019: 无法解析的外部符号 SSL_set_fd，该符号在函数 main 中被引用
openssl.obj : error LNK2019: 无法解析的外部符号 SSL_CTX_use_PrivateKey_file，该符号在函数 main 中被引用
openssl.obj : error LNK2019: 无法解析的外部符号 SSL_CTX_use_certificate_file，该符号在函数 main 中被引用
openssl.obj : error LNK2019: 无法解析的外部符号 SSL_CTX_set_default_passwd_cb_userdata，该符号在函数 main 中被引用
openssl.obj : error LNK2019: 无法解析的外部符号 SSL_CTX_check_private_key，该符号在函数 main 中被引用
openssl.obj : error LNK2019: 无法解析的外部符号 SSL_new，该符号在函数 main 中被引用
openssl.obj : error LNK2019: 无法解析的外部符号 SSL_free，该符号在函数 main 中被引用
openssl.obj : error LNK2019: 无法解析的外部符号 SSL_accept，该符号在函数 main 中被引用
openssl.obj : error LNK2019: 无法解析的外部符号 SSL_read，该符号在函数 main 中被引用
openssl.obj : error LNK2019: 无法解析的外部符号 SSL_write，该符号在函数 main 中被引用
openssl.obj : error LNK2019: 无法解析的外部符号 TLS_server_method，该符号在函数 main 中被引用
openssl.obj : error LNK2019: 无法解析的外部符号 SSL_shutdown，该符号在函数 main 中被引用
openssl.obj : error LNK2019: 无法解析的外部符号 OPENSSL_init_ssl，该符号在函数 main 中被引用
..\lib\libcrypto.dll.a : warning LNK4272: 库计算机类型“X86”与目标计算机类型“x64”冲突
..\lib\libssl.dll.a : warning LNK4272: 库计算机类型“X86”与目标计算机类型“x64”冲突
F:\openSource\test\http\openssl\x64\Debug\openssl.exe : fatal error LNK1120: 16 个无法解析的外部命令
